[rtoodisha.co.in/index.html]
[rtoodisha.co.in/Image/style.css]
[backblue.gif]
[fade.gif]
[index.html]
[rtoodisha.co.in/odia.html]
[rtoodisha.co.in/Image/f3.png]
[rtoodisha.co.in/english.html]
[rtoodisha.co.in/Image/l2.png]
[rtoodisha.co.in/Image/toll.png]
[rtoodisha.co.in/Image/news/E1.png]
[rtoodisha.co.in/Image/news/E2.png]
[rtoodisha.co.in/Image/news/E3.png]
[rtoodisha.co.in/Image/news/E4.png]
[rtoodisha.co.in/Image/news/E5.png]
[rtoodisha.co.in/index.html]
[rtoodisha.co.in/Image/home_jpg.webp]
[rtoodisha.co.in/Image/b2.webp]
[rtoodisha.co.in/Image/instruction.png]
[rtoodisha.co.in/Image/style.css]
[rtoodisha.co.in/dl_odia.html]
[rtoodisha.co.in/Image/O-7.png]
[rtoodisha.co.in/vehicle_odia.html]
[rtoodisha.co.in/Image/O-6.png]
[rtoodisha.co.in/Image/O-3.png]
[rtoodisha.co.in/Image/O-4.png]
[rtoodisha.co.in/faq_odia.html]
[rtoodisha.co.in/Image/O-5.png]
[rtoodisha.co.in/new.html]
[rtoodisha.co.in/Image/whats_new_odia.png]
[rtoodisha.co.in/Image/chalan_odia.png]
[rtoodisha.co.in/odia.html]
[rtoodisha.co.in/dl.html]
[rtoodisha.co.in/Image/E-1.png]
[rtoodisha.co.in/vehicle.html]
[rtoodisha.co.in/Image/E-2.png]
[rtoodisha.co.in/Image/E-3.png]
[rtoodisha.co.in/Image/E-8.png]
[rtoodisha.co.in/faq.html]
[rtoodisha.co.in/Image/E-7.png]
[rtoodisha.co.in/Image/whats_new.png]
[rtoodisha.co.in/Image/chalan.png]
[rtoodisha.co.in/Image/E-9.png]
[rtoodisha.co.in/english.html]
[rtoodisha.co.in/Image/odia/o-1.png]
[rtoodisha.co.in/Image/odia/0-2.png]
[rtoodisha.co.in/Image/odia/0-3.png]
[rtoodisha.co.in/Image/odia/0-4.png]
[rtoodisha.co.in/Image/odia/0-5.png]
[rtoodisha.co.in/Image/odia/0-6.png]
[rtoodisha.co.in/Image/odia/0-7.png]
[rtoodisha.co.in/Image/odia/0-8.png]
[rtoodisha.co.in/Image/odia/0-9.png]
[rtoodisha.co.in/Image/odia/0-10.png]
[rtoodisha.co.in/Image/odia/0-11.png]
[rtoodisha.co.in/Image/odia/0-12.png]
[rtoodisha.co.in/Image/odia/0-13.png]
[rtoodisha.co.in/Image/odia/0-14.png]
[rtoodisha.co.in/Image/odia/0-15.png]
[rtoodisha.co.in/Image/odia/0-16.png]
[rtoodisha.co.in/Image/odia/0-17.png]
[rtoodisha.co.in/Image/odia/0-18.png]
[rtoodisha.co.in/Image/odia/0-19.png]
[rtoodisha.co.in/Image/odia/0-20.png]
[rtoodisha.co.in/Image/odia/0-21.png]
[rtoodisha.co.in/dl_odia.html]
[rtoodisha.co.in/Image/odia_rc/1.png]
[rtoodisha.co.in/Image/odia_rc/2.png]
[rtoodisha.co.in/Image/odia_rc/3.png]
[rtoodisha.co.in/Image/odia_rc/4.png]
[rtoodisha.co.in/Image/odia_rc/5.png]
[rtoodisha.co.in/Image/odia_rc/6.png]
[rtoodisha.co.in/Image/odia_rc/7.png]
[rtoodisha.co.in/Image/odia_rc/8.png]
[rtoodisha.co.in/Image/odia_rc/9.png]
[rtoodisha.co.in/Image/odia_rc/10.png]
[rtoodisha.co.in/Image/odia_rc/11.png]
[rtoodisha.co.in/Image/odia_rc/12.png]
[rtoodisha.co.in/Image/odia_rc/13.png]
[rtoodisha.co.in/Image/odia_rc/14.png]
[rtoodisha.co.in/Image/odia_rc/15.png]
[rtoodisha.co.in/vehicle_odia.html]
[rtoodisha.co.in/faq_dl.html]
[rtoodisha.co.in/Image/faq_dl_odia.png]
[rtoodisha.co.in/faq_rc.html]
[rtoodisha.co.in/Image/faq_rc_odia.png]
[rtoodisha.co.in/faq_odia.html]
[rtoodisha.co.in/font/AODHA99N.ttf]
[rtoodisha.co.in/new.html]
[rtoodisha.co.in/dl.html]
[rtoodisha.co.in/vehicle.html]
[rtoodisha.co.in/Image/faq_dl.png]
[rtoodisha.co.in/Image/faq_rc.png]
[rtoodisha.co.in/faq.html]
[rtoodisha.co.in/faq/ill.pdf]
[rtoodisha.co.in/faq/duplicatell.pdf]
[rtoodisha.co.in/faq/change.pdf]
[rtoodisha.co.in/faq/ioll.pdf]
[rtoodisha.co.in/faq/ladl.pdf]
[rtoodisha.co.in/faq/aedl.pdf]
[rtoodisha.co.in/faq/dl.pdf]
[rtoodisha.co.in/faq/iodl.pdf]
[rtoodisha.co.in/faq/rod.pdf]
[rtoodisha.co.in/faq/coa.pdf]
[rtoodisha.co.in/faq/rpod.pdf]
[rtoodisha.co.in/faq/idtih.pdf]
[rtoodisha.co.in/faq/etdh.pdf]
[rtoodisha.co.in/faq/psv.pdf]
[rtoodisha.co.in/faq/noc.pdf]
[rtoodisha.co.in/faq/de.pdf]
[rtoodisha.co.in/faq/dupsv.pdf]
[rtoodisha.co.in/faq/edhr.pdf]
[rtoodisha.co.in/faq/itdp.pdf]
[rtoodisha.co.in/faq/cndl.pdf]
[rtoodisha.co.in/faq/cbdl.pdf]
[rtoodisha.co.in/faq/cnoc.pdf]
[rtoodisha.co.in/faq/addh.pdf]
[rtoodisha.co.in/faq/etdi.pdf]
[rtoodisha.co.in/faq/scov.pdf]
[rtoodisha.co.in/faq/rtest.pdf]
[rtoodisha.co.in/faq/defence.pdf]
[rtoodisha.co.in/faq/school.pdf]
[rtoodisha.co.in/faq/rdsl.pdf]
[rtoodisha.co.in/faq/ddsl.pdf]
[rtoodisha.co.in/faq/bidl.pdf]
[rtoodisha.co.in/faq/clwb.pdf]
[rtoodisha.co.in/faq/rocl.pdf]
[rtoodisha.co.in/faq/cacl.pdf]
[rtoodisha.co.in/faq/dupcl.pdf]
[rtoodisha.co.in/faq/cbcl.pdf]
[rtoodisha.co.in/faq/cncl.pdf]
[rtoodisha.co.in/faq/itcl.pdf]
[rtoodisha.co.in/faq/ctclp.pdf]
[rtoodisha.co.in/faq/elld.pdf]
[rtoodisha.co.in/faq/covc.pdf]
[rtoodisha.co.in/faq/rdu.pdf]
[rtoodisha.co.in/faq_dl.html]
[rtoodisha.co.in/faqrc/PayYourTax.pdf]
[rtoodisha.co.in/faqrc/MicsServices.pdf]
[rtoodisha.co.in/faqrc/NOCFlow.pdf]
[rtoodisha.co.in/faqrc/Paymentstatusflow.pdf]
[rtoodisha.co.in/faqrc/RCParticulars.pdf]
[rtoodisha.co.in/faqrc/AlterationOfVehicle.pdf]
[rtoodisha.co.in/faqrc/ApplicationStatus.pdf]
[rtoodisha.co.in/faqrc/ConversionOfVehicle.pdf]
[rtoodisha.co.in/faqrc/DuplicateFitnessCertificate.pdf]
[rtoodisha.co.in/faqrc/FitnessCertificate.pdf]
[rtoodisha.co.in/faq_rc.html]
[rtoodisha.co.in/font/AODHA99N.html]
[rtoodisha.co.in/faq/ill.html]
[rtoodisha.co.in/faq/duplicatell.html]
[rtoodisha.co.in/faq/change.html]
[rtoodisha.co.in/faq/ioll.html]
[rtoodisha.co.in/faq/ladl.html]
[rtoodisha.co.in/faq/aedl.html]
[rtoodisha.co.in/faq/dl.html]
[rtoodisha.co.in/faq/iodl.html]
[rtoodisha.co.in/faq/rod.html]
[rtoodisha.co.in/faq/coa.html]
[rtoodisha.co.in/faq/rpod.html]
[rtoodisha.co.in/faq/idtih.html]
[rtoodisha.co.in/faq/etdh.html]
[rtoodisha.co.in/faq/psv.html]
[rtoodisha.co.in/faq/noc.html]
[rtoodisha.co.in/faq/de.html]
[rtoodisha.co.in/faq/dupsv.html]
[rtoodisha.co.in/faq/edhr.html]
[rtoodisha.co.in/faq/itdp.html]
[rtoodisha.co.in/faq/cndl.html]
[rtoodisha.co.in/faq/cbdl.html]
[rtoodisha.co.in/faq/cnoc.html]
[rtoodisha.co.in/faq/addh.html]
[rtoodisha.co.in/faq/etdi.html]
[rtoodisha.co.in/faq/scov.html]
[rtoodisha.co.in/faq/rtest.html]
[rtoodisha.co.in/faq/defence.html]
[rtoodisha.co.in/faq/school.html]
[rtoodisha.co.in/faq/rdsl.html]
[rtoodisha.co.in/faq/ddsl.html]
[rtoodisha.co.in/faq/bidl.html]
[rtoodisha.co.in/faq/clwb.html]
[rtoodisha.co.in/faq/rocl.html]
[rtoodisha.co.in/faq/cacl.html]
[rtoodisha.co.in/faq/dupcl.html]
[rtoodisha.co.in/faq/cbcl.html]
[rtoodisha.co.in/faq/cncl.html]
[rtoodisha.co.in/faq/itcl.html]
[rtoodisha.co.in/faq/ctclp.html]
[rtoodisha.co.in/faq/elld.html]
[rtoodisha.co.in/faq/covc.html]
[rtoodisha.co.in/faq/rdu.html]
[rtoodisha.co.in/faqrc/PayYourTax.html]
[rtoodisha.co.in/faqrc/MicsServices.html]
[rtoodisha.co.in/faqrc/NOCFlow.html]
[rtoodisha.co.in/faqrc/Paymentstatusflow.html]
[rtoodisha.co.in/faqrc/RCParticulars.html]
[rtoodisha.co.in/faqrc/AlterationOfVehicle.html]
[rtoodisha.co.in/faqrc/ApplicationStatus.html]
[rtoodisha.co.in/faqrc/ConversionOfVehicle.html]
[rtoodisha.co.in/faqrc/DuplicateFitnessCertificate.html]
[rtoodisha.co.in/faqrc/FitnessCertificate.html]
